0 info it worked if it ends with ok
1 verbose cli [ '/usr/local/bin/node',
1 verbose cli   '/usr/local/bin/npm',
1 verbose cli   'run',
1 verbose cli   'builde:scss:watch' ]
2 info using npm@3.10.10
3 info using node@v6.11.0
4 verbose run-script [ 'prebuilde:scss:watch',
4 verbose run-script   'builde:scss:watch',
4 verbose run-script   'postbuilde:scss:watch' ]
5 info lifecycle new-horizon@1.0.0~prebuilde:scss:watch: new-horizon@1.0.0
6 silly lifecycle new-horizon@1.0.0~prebuilde:scss:watch: no script for prebuilde:scss:watch, continuing
7 info lifecycle new-horizon@1.0.0~builde:scss:watch: new-horizon@1.0.0
8 verbose lifecycle new-horizon@1.0.0~builde:scss:watch: unsafe-perm in lifecycle true
9 verbose lifecycle new-horizon@1.0.0~builde:scss:watch: PATH: /usr/local/lib/node_modules/npm/bin/node-gyp-bin:/Users/catabuadescoll/projects/final-project/node_modules/.bin:/usr/local/bin:/usr/bin:/bin:/usr/sbin:/sbin
10 verbose lifecycle new-horizon@1.0.0~builde:scss:watch: CWD: /Users/catabuadescoll/projects/final-project
11 silly lifecycle new-horizon@1.0.0~builde:scss:watch: Args: [ '-c',
11 silly lifecycle   'node-sass src/scss/styles.scss client/css/styles.css --watch' ]
12 silly lifecycle new-horizon@1.0.0~builde:scss:watch: Returned: code: 1  signal: null
13 info lifecycle new-horizon@1.0.0~builde:scss:watch: Failed to exec builde:scss:watch script
14 verbose stack Error: new-horizon@1.0.0 builde:scss:watch: `node-sass src/scss/styles.scss client/css/styles.css --watch`
14 verbose stack Exit status 1
14 verbose stack     at EventEmitter.<anonymous> (/usr/local/lib/node_modules/npm/lib/utils/lifecycle.js:255:16)
14 verbose stack     at emitTwo (events.js:106:13)
14 verbose stack     at EventEmitter.emit (events.js:191:7)
14 verbose stack     at ChildProcess.<anonymous> (/usr/local/lib/node_modules/npm/lib/utils/spawn.js:40:14)
14 verbose stack     at emitTwo (events.js:106:13)
14 verbose stack     at ChildProcess.emit (events.js:191:7)
14 verbose stack     at maybeClose (internal/child_process.js:891:16)
14 verbose stack     at Process.ChildProcess._handle.onexit (internal/child_process.js:226:5)
15 verbose pkgid new-horizon@1.0.0
16 verbose cwd /Users/catabuadescoll/projects/final-project
17 error Darwin 16.7.0
18 error argv "/usr/local/bin/node" "/usr/local/bin/npm" "run" "builde:scss:watch"
19 error node v6.11.0
20 error npm  v3.10.10
21 error code ELIFECYCLE
22 error new-horizon@1.0.0 builde:scss:watch: `node-sass src/scss/styles.scss client/css/styles.css --watch`
22 error Exit status 1
23 error Failed at the new-horizon@1.0.0 builde:scss:watch script 'node-sass src/scss/styles.scss client/css/styles.css --watch'.
23 error Make sure you have the latest version of node.js and npm installed.
23 error If you do, this is most likely a problem with the new-horizon package,
23 error not with npm itself.
23 error Tell the author that this fails on your system:
23 error     node-sass src/scss/styles.scss client/css/styles.css --watch
23 error You can get information on how to open an issue for this project with:
23 error     npm bugs new-horizon
23 error Or if that isn't available, you can get their info via:
23 error     npm owner ls new-horizon
23 error There is likely additional logging output above.
24 verbose exit [ 1, true ]
